{"W:\\Users\\Kenjugs\\source\\node\\mangadex-wrapper\\lib\\util.js": {"path":"W:\\Users\\Kenjugs\\source\\node\\mangadex-wrapper\\lib\\util.js","statementMap":{"0":{"start":{"line":5,"column":14},"end":{"line":5,"column":30}},"1":{"start":{"line":11,"column":17},"end":{"line":11,"column":35}},"2":{"start":{"line":25,"column":37},"end":{"line":41,"column":1}},"3":{"start":{"line":26,"column":13},"end":{"line":26,"column":15}},"4":{"start":{"line":28,"column":4},"end":{"line":30,"column":5}},"5":{"start":{"line":29,"column":8},"end":{"line":29,"column":18}},"6":{"start":{"line":32,"column":4},"end":{"line":38,"column":5}},"7":{"start":{"line":33,"column":8},"end":{"line":37,"column":9}},"8":{"start":{"line":34,"column":12},"end":{"line":34,"column":35}},"9":{"start":{"line":36,"column":12},"end":{"line":36,"column":36}},"10":{"start":{"line":40,"column":4},"end":{"line":40,"column":14}},"11":{"start":{"line":49,"column":0},"end":{"line":78,"column":2}},"12":{"start":{"line":50,"column":24},"end":{"line":50,"column":26}},"13":{"start":{"line":52,"column":4},"end":{"line":54,"column":5}},"14":{"start":{"line":53,"column":8},"end":{"line":53,"column":18}},"15":{"start":{"line":56,"column":4},"end":{"line":74,"column":5}},"16":{"start":{"line":57,"column":8},"end":{"line":73,"column":9}},"17":{"start":{"line":58,"column":12},"end":{"line":58,"column":78}},"18":{"start":{"line":59,"column":15},"end":{"line":73,"column":9}},"19":{"start":{"line":60,"column":12},"end":{"line":64,"column":13}},"20":{"start":{"line":62,"column":26},"end":{"line":62,"column":38}},"21":{"start":{"line":63,"column":16},"end":{"line":63,"column":105}},"22":{"start":{"line":65,"column":15},"end":{"line":73,"column":9}},"23":{"start":{"line":66,"column":26},"end":{"line":66,"column":38}},"24":{"start":{"line":68,"column":12},"end":{"line":70,"column":13}},"25":{"start":{"line":69,"column":16},"end":{"line":69,"column":60}},"26":{"start":{"line":72,"column":12},"end":{"line":72,"column":55}},"27":{"start":{"line":76,"column":16},"end":{"line":76,"column":43}},"28":{"start":{"line":77,"column":4},"end":{"line":77,"column":34}},"29":{"start":{"line":87,"column":0},"end":{"line":133,"column":2}},"30":{"start":{"line":88,"column":27},"end":{"line":92,"column":5}},"31":{"start":{"line":95,"column":15},"end":{"line":95,"column":19}},"32":{"start":{"line":97,"column":4},"end":{"line":100,"column":5}},"33":{"start":{"line":98,"column":8},"end":{"line":98,"column":28}},"34":{"start":{"line":99,"column":8},"end":{"line":99,"column":28}},"35":{"start":{"line":103,"column":4},"end":{"line":105,"column":5}},"36":{"start":{"line":104,"column":8},"end":{"line":104,"column":47}},"37":{"start":{"line":108,"column":4},"end":{"line":132,"column":7}},"38":{"start":{"line":109,"column":20},"end":{"line":125,"column":10}},"39":{"start":{"line":110,"column":27},"end":{"line":110,"column":29}},"40":{"start":{"line":111,"column":12},"end":{"line":113,"column":15}},"41":{"start":{"line":112,"column":16},"end":{"line":112,"column":48}},"42":{"start":{"line":114,"column":12},"end":{"line":116,"column":15}},"43":{"start":{"line":115,"column":16},"end":{"line":115,"column":28}},"44":{"start":{"line":117,"column":12},"end":{"line":124,"column":15}},"45":{"start":{"line":118,"column":26},"end":{"line":118,"column":64}},"46":{"start":{"line":119,"column":16},"end":{"line":123,"column":17}},"47":{"start":{"line":120,"column":20},"end":{"line":120,"column":80}},"48":{"start":{"line":122,"column":20},"end":{"line":122,"column":68}},"49":{"start":{"line":127,"column":8},"end":{"line":129,"column":9}},"50":{"start":{"line":128,"column":12},"end":{"line":128,"column":44}},"51":{"start":{"line":131,"column":8},"end":{"line":131,"column":18}}},"fnMap":{"0":{"name":"(anonymous_0)","decl":{"start":{"line":25,"column":37},"end":{"line":25,"column":38}},"loc":{"start":{"line":25,"column":60},"end":{"line":41,"column":1}},"line":25},"1":{"name":"(anonymous_1)","decl":{"start":{"line":49,"column":38},"end":{"line":49,"column":39}},"loc":{"start":{"line":49,"column":57},"end":{"line":78,"column":1}},"line":49},"2":{"name":"(anonymous_2)","decl":{"start":{"line":87,"column":36},"end":{"line":87,"column":37}},"loc":{"start":{"line":87,"column":69},"end":{"line":133,"column":1}},"line":87},"3":{"name":"(anonymous_3)","decl":{"start":{"line":108,"column":23},"end":{"line":108,"column":24}},"loc":{"start":{"line":108,"column":44},"end":{"line":132,"column":5}},"line":108},"4":{"name":"(anonymous_4)","decl":{"start":{"line":109,"column":50},"end":{"line":109,"column":51}},"loc":{"start":{"line":109,"column":57},"end":{"line":125,"column":9}},"line":109},"5":{"name":"(anonymous_5)","decl":{"start":{"line":111,"column":27},"end":{"line":111,"column":28}},"loc":{"start":{"line":111,"column":36},"end":{"line":113,"column":13}},"line":111},"6":{"name":"(anonymous_6)","decl":{"start":{"line":114,"column":28},"end":{"line":114,"column":29}},"loc":{"start":{"line":114,"column":35},"end":{"line":116,"column":13}},"line":114},"7":{"name":"(anonymous_7)","decl":{"start":{"line":117,"column":26},"end":{"line":117,"column":27}},"loc":{"start":{"line":117,"column":32},"end":{"line":124,"column":13}},"line":117}},"branchMap":{"0":{"loc":{"start":{"line":28,"column":4},"end":{"line":30,"column":5}},"type":"if","locations":[{"start":{"line":28,"column":4},"end":{"line":30,"column":5}},{"start":{},"end":{}}],"line":28},"1":{"loc":{"start":{"line":33,"column":8},"end":{"line":37,"column":9}},"type":"if","locations":[{"start":{"line":33,"column":8},"end":{"line":37,"column":9}},{"start":{"line":35,"column":15},"end":{"line":37,"column":9}}],"line":33},"2":{"loc":{"start":{"line":52,"column":4},"end":{"line":54,"column":5}},"type":"if","locations":[{"start":{"line":52,"column":4},"end":{"line":54,"column":5}},{"start":{},"end":{}}],"line":52},"3":{"loc":{"start":{"line":52,"column":8},"end":{"line":52,"column":66}},"type":"binary-expr","locations":[{"start":{"line":52,"column":8},"end":{"line":52,"column":29}},{"start":{"line":52,"column":33},"end":{"line":52,"column":66}}],"line":52},"4":{"loc":{"start":{"line":57,"column":8},"end":{"line":73,"column":9}},"type":"if","locations":[{"start":{"line":57,"column":8},"end":{"line":73,"column":9}},{"start":{"line":59,"column":15},"end":{"line":73,"column":9}}],"line":57},"5":{"loc":{"start":{"line":59,"column":15},"end":{"line":73,"column":9}},"type":"if","locations":[{"start":{"line":59,"column":15},"end":{"line":73,"column":9}},{"start":{"line":65,"column":15},"end":{"line":73,"column":9}}],"line":59},"6":{"loc":{"start":{"line":60,"column":12},"end":{"line":64,"column":13}},"type":"if","locations":[{"start":{"line":60,"column":12},"end":{"line":64,"column":13}},{"start":{},"end":{}}],"line":60},"7":{"loc":{"start":{"line":65,"column":15},"end":{"line":73,"column":9}},"type":"if","locations":[{"start":{"line":65,"column":15},"end":{"line":73,"column":9}},{"start":{"line":71,"column":15},"end":{"line":73,"column":9}}],"line":65},"8":{"loc":{"start":{"line":77,"column":11},"end":{"line":77,"column":33}},"type":"cond-expr","locations":[{"start":{"line":77,"column":25},"end":{"line":77,"column":27}},{"start":{"line":77,"column":30},"end":{"line":77,"column":33}}],"line":77},"9":{"loc":{"start":{"line":97,"column":4},"end":{"line":100,"column":5}},"type":"if","locations":[{"start":{"line":97,"column":4},"end":{"line":100,"column":5}},{"start":{},"end":{}}],"line":97},"10":{"loc":{"start":{"line":103,"column":4},"end":{"line":105,"column":5}},"type":"if","locations":[{"start":{"line":103,"column":4},"end":{"line":105,"column":5}},{"start":{},"end":{}}],"line":103},"11":{"loc":{"start":{"line":119,"column":16},"end":{"line":123,"column":17}},"type":"if","locations":[{"start":{"line":119,"column":16},"end":{"line":123,"column":17}},{"start":{"line":121,"column":23},"end":{"line":123,"column":17}}],"line":119},"12":{"loc":{"start":{"line":127,"column":8},"end":{"line":129,"column":9}},"type":"if","locations":[{"start":{"line":127,"column":8},"end":{"line":129,"column":9}},{"start":{},"end":{}}],"line":127}},"s":{"0":1,"1":1,"2":1,"3":2,"4":2,"5":0,"6":2,"7":3,"8":1,"9":2,"10":2,"11":1,"12":9,"13":9,"14":2,"15":7,"16":9,"17":2,"18":7,"19":2,"20":1,"21":1,"22":5,"23":2,"24":2,"25":3,"26":3,"27":7,"28":7,"29":1,"30":2,"31":2,"32":2,"33":2,"34":2,"35":2,"36":2,"37":2,"38":2,"39":2,"40":2,"41":3,"42":2,"43":1,"44":2,"45":2,"46":2,"47":1,"48":1,"49":2,"50":2,"51":2},"f":{"0":2,"1":9,"2":2,"3":2,"4":2,"5":3,"6":1,"7":2},"b":{"0":[0,2],"1":[1,2],"2":[2,7],"3":[9,8],"4":[2,7],"5":[2,5],"6":[1,1],"7":[2,3],"8":[3,4],"9":[2,0],"10":[2,0],"11":[1,1],"12":[2,0]},"_coverageSchema":"1a1c01bbd47fc00a2c39e90264f33305004495a9","hash":"6cc6b18d56ffa473821771ed765076466ca32d01"}
}
