{"W:\\Users\\Kenjugs\\source\\node\\mangadex-wrapper\\lib\\util.js": {"path":"W:\\Users\\Kenjugs\\source\\node\\mangadex-wrapper\\lib\\util.js","all":false,"statementMap":{"0":{"start":{"line":1,"column":0},"end":{"line":1,"column":21}},"1":{"start":{"line":2,"column":0},"end":{"line":2,"column":20}},"2":{"start":{"line":3,"column":0},"end":{"line":3,"column":22}},"3":{"start":{"line":4,"column":0},"end":{"line":4,"column":0}},"4":{"start":{"line":5,"column":0},"end":{"line":5,"column":31}},"5":{"start":{"line":6,"column":0},"end":{"line":6,"column":0}},"6":{"start":{"line":7,"column":0},"end":{"line":7,"column":25}},"7":{"start":{"line":8,"column":0},"end":{"line":8,"column":24}},"8":{"start":{"line":9,"column":0},"end":{"line":9,"column":26}},"9":{"start":{"line":10,"column":0},"end":{"line":10,"column":0}},"10":{"start":{"line":11,"column":0},"end":{"line":11,"column":36}},"11":{"start":{"line":12,"column":0},"end":{"line":12,"column":0}},"12":{"start":{"line":13,"column":0},"end":{"line":13,"column":25}},"13":{"start":{"line":14,"column":0},"end":{"line":14,"column":23}},"14":{"start":{"line":15,"column":0},"end":{"line":15,"column":25}},"15":{"start":{"line":16,"column":0},"end":{"line":16,"column":0}},"16":{"start":{"line":17,"column":0},"end":{"line":17,"column":3}},"17":{"start":{"line":18,"column":0},"end":{"line":18,"column":67}},"18":{"start":{"line":19,"column":0},"end":{"line":19,"column":36}},"19":{"start":{"line":20,"column":0},"end":{"line":20,"column":3}},"20":{"start":{"line":21,"column":0},"end":{"line":21,"column":23}},"21":{"start":{"line":22,"column":0},"end":{"line":22,"column":28}},"22":{"start":{"line":23,"column":0},"end":{"line":23,"column":50}},"23":{"start":{"line":24,"column":0},"end":{"line":24,"column":3}},"24":{"start":{"line":25,"column":0},"end":{"line":25,"column":61}},"25":{"start":{"line":26,"column":0},"end":{"line":26,"column":16}},"26":{"start":{"line":27,"column":0},"end":{"line":27,"column":0}},"27":{"start":{"line":28,"column":0},"end":{"line":28,"column":30}},"28":{"start":{"line":29,"column":0},"end":{"line":29,"column":18}},"29":{"start":{"line":30,"column":0},"end":{"line":30,"column":5}},"30":{"start":{"line":31,"column":0},"end":{"line":31,"column":0}},"31":{"start":{"line":32,"column":0},"end":{"line":32,"column":28}},"32":{"start":{"line":33,"column":0},"end":{"line":33,"column":24}},"33":{"start":{"line":34,"column":0},"end":{"line":34,"column":35}},"34":{"start":{"line":35,"column":0},"end":{"line":35,"column":16}},"35":{"start":{"line":36,"column":0},"end":{"line":36,"column":36}},"36":{"start":{"line":37,"column":0},"end":{"line":37,"column":9}},"37":{"start":{"line":38,"column":0},"end":{"line":38,"column":5}},"38":{"start":{"line":39,"column":0},"end":{"line":39,"column":0}},"39":{"start":{"line":40,"column":0},"end":{"line":40,"column":14}},"40":{"start":{"line":41,"column":0},"end":{"line":41,"column":2}},"41":{"start":{"line":42,"column":0},"end":{"line":42,"column":0}},"42":{"start":{"line":43,"column":0},"end":{"line":43,"column":3}},"43":{"start":{"line":44,"column":0},"end":{"line":44,"column":53}},"44":{"start":{"line":45,"column":0},"end":{"line":45,"column":3}},"45":{"start":{"line":46,"column":0},"end":{"line":46,"column":57}},"46":{"start":{"line":47,"column":0},"end":{"line":47,"column":75}},"47":{"start":{"line":48,"column":0},"end":{"line":48,"column":3}},"48":{"start":{"line":49,"column":0},"end":{"line":49,"column":58}},"49":{"start":{"line":50,"column":0},"end":{"line":50,"column":27}},"50":{"start":{"line":51,"column":0},"end":{"line":51,"column":0}},"51":{"start":{"line":52,"column":0},"end":{"line":52,"column":69}},"52":{"start":{"line":53,"column":0},"end":{"line":53,"column":18}},"53":{"start":{"line":54,"column":0},"end":{"line":54,"column":5}},"54":{"start":{"line":55,"column":0},"end":{"line":55,"column":0}},"55":{"start":{"line":56,"column":0},"end":{"line":56,"column":45}},"56":{"start":{"line":57,"column":0},"end":{"line":57,"column":44}},"57":{"start":{"line":58,"column":0},"end":{"line":58,"column":78}},"58":{"start":{"line":59,"column":0},"end":{"line":59,"column":50}},"59":{"start":{"line":60,"column":0},"end":{"line":60,"column":39}},"60":{"start":{"line":61,"column":0},"end":{"line":61,"column":35}},"61":{"start":{"line":62,"column":0},"end":{"line":62,"column":39}},"62":{"start":{"line":63,"column":0},"end":{"line":63,"column":105}},"63":{"start":{"line":64,"column":0},"end":{"line":64,"column":13}},"64":{"start":{"line":65,"column":0},"end":{"line":65,"column":37}},"65":{"start":{"line":66,"column":0},"end":{"line":66,"column":39}},"66":{"start":{"line":67,"column":0},"end":{"line":67,"column":0}},"67":{"start":{"line":68,"column":0},"end":{"line":68,"column":49}},"68":{"start":{"line":69,"column":0},"end":{"line":69,"column":60}},"69":{"start":{"line":70,"column":0},"end":{"line":70,"column":13}},"70":{"start":{"line":71,"column":0},"end":{"line":71,"column":16}},"71":{"start":{"line":72,"column":0},"end":{"line":72,"column":55}},"72":{"start":{"line":73,"column":0},"end":{"line":73,"column":9}},"73":{"start":{"line":74,"column":0},"end":{"line":74,"column":5}},"74":{"start":{"line":75,"column":0},"end":{"line":75,"column":0}},"75":{"start":{"line":76,"column":0},"end":{"line":76,"column":44}},"76":{"start":{"line":77,"column":0},"end":{"line":77,"column":34}},"77":{"start":{"line":78,"column":0},"end":{"line":78,"column":2}},"78":{"start":{"line":79,"column":0},"end":{"line":79,"column":0}},"79":{"start":{"line":80,"column":0},"end":{"line":80,"column":3}},"80":{"start":{"line":81,"column":0},"end":{"line":81,"column":14}},"81":{"start":{"line":82,"column":0},"end":{"line":82,"column":41}},"82":{"start":{"line":83,"column":0},"end":{"line":83,"column":41}},"83":{"start":{"line":84,"column":0},"end":{"line":84,"column":93}},"84":{"start":{"line":85,"column":0},"end":{"line":85,"column":96}},"85":{"start":{"line":86,"column":0},"end":{"line":86,"column":3}},"86":{"start":{"line":87,"column":0},"end":{"line":87,"column":70}},"87":{"start":{"line":88,"column":0},"end":{"line":88,"column":28}},"88":{"start":{"line":89,"column":0},"end":{"line":89,"column":23}},"89":{"start":{"line":90,"column":0},"end":{"line":90,"column":19}},"90":{"start":{"line":91,"column":0},"end":{"line":91,"column":27}},"91":{"start":{"line":92,"column":0},"end":{"line":92,"column":6}},"92":{"start":{"line":93,"column":0},"end":{"line":93,"column":0}},"93":{"start":{"line":94,"column":0},"end":{"line":94,"column":42}},"94":{"start":{"line":95,"column":0},"end":{"line":95,"column":20}},"95":{"start":{"line":96,"column":0},"end":{"line":96,"column":0}},"96":{"start":{"line":97,"column":0},"end":{"line":97,"column":28}},"97":{"start":{"line":98,"column":0},"end":{"line":98,"column":28}},"98":{"start":{"line":99,"column":0},"end":{"line":99,"column":28}},"99":{"start":{"line":100,"column":0},"end":{"line":100,"column":5}},"100":{"start":{"line":101,"column":0},"end":{"line":101,"column":0}},"101":{"start":{"line":102,"column":0},"end":{"line":102,"column":50}},"102":{"start":{"line":103,"column":0},"end":{"line":103,"column":18}},"103":{"start":{"line":104,"column":0},"end":{"line":104,"column":47}},"104":{"start":{"line":105,"column":0},"end":{"line":105,"column":5}},"105":{"start":{"line":106,"column":0},"end":{"line":106,"column":0}},"106":{"start":{"line":107,"column":0},"end":{"line":107,"column":45}},"107":{"start":{"line":108,"column":0},"end":{"line":108,"column":45}},"108":{"start":{"line":109,"column":0},"end":{"line":109,"column":58}},"109":{"start":{"line":110,"column":0},"end":{"line":110,"column":30}},"110":{"start":{"line":111,"column":0},"end":{"line":111,"column":37}},"111":{"start":{"line":112,"column":0},"end":{"line":112,"column":48}},"112":{"start":{"line":113,"column":0},"end":{"line":113,"column":15}},"113":{"start":{"line":114,"column":0},"end":{"line":114,"column":36}},"114":{"start":{"line":115,"column":0},"end":{"line":115,"column":28}},"115":{"start":{"line":116,"column":0},"end":{"line":116,"column":15}},"116":{"start":{"line":117,"column":0},"end":{"line":117,"column":33}},"117":{"start":{"line":118,"column":0},"end":{"line":118,"column":65}},"118":{"start":{"line":119,"column":0},"end":{"line":119,"column":55}},"119":{"start":{"line":120,"column":0},"end":{"line":120,"column":80}},"120":{"start":{"line":121,"column":0},"end":{"line":121,"column":24}},"121":{"start":{"line":122,"column":0},"end":{"line":122,"column":68}},"122":{"start":{"line":123,"column":0},"end":{"line":123,"column":17}},"123":{"start":{"line":124,"column":0},"end":{"line":124,"column":15}},"124":{"start":{"line":125,"column":0},"end":{"line":125,"column":11}},"125":{"start":{"line":126,"column":0},"end":{"line":126,"column":0}},"126":{"start":{"line":127,"column":0},"end":{"line":127,"column":28}},"127":{"start":{"line":128,"column":0},"end":{"line":128,"column":44}},"128":{"start":{"line":129,"column":0},"end":{"line":129,"column":9}},"129":{"start":{"line":130,"column":0},"end":{"line":130,"column":0}},"130":{"start":{"line":131,"column":0},"end":{"line":131,"column":18}},"131":{"start":{"line":132,"column":0},"end":{"line":132,"column":7}},"132":{"start":{"line":133,"column":0},"end":{"line":133,"column":2}}},"s":{"0":1,"1":1,"2":1,"3":1,"4":1,"5":1,"6":1,"7":1,"8":1,"9":1,"10":1,"11":1,"12":1,"13":1,"14":1,"15":1,"16":1,"17":1,"18":1,"19":1,"20":1,"21":1,"22":1,"23":1,"24":1,"25":2,"26":2,"27":2,"28":0,"29":0,"30":2,"31":2,"32":3,"33":2,"34":2,"35":2,"36":2,"37":3,"38":2,"39":2,"40":2,"41":1,"42":1,"43":1,"44":1,"45":1,"46":1,"47":1,"48":1,"49":9,"50":9,"51":9,"52":2,"53":2,"54":7,"55":9,"56":9,"57":7,"58":7,"59":5,"60":5,"61":5,"62":5,"63":5,"64":5,"65":3,"66":3,"67":3,"68":3,"69":3,"70":3,"71":3,"72":3,"73":9,"74":7,"75":7,"76":9,"77":9,"78":1,"79":1,"80":1,"81":1,"82":1,"83":1,"84":1,"85":1,"86":1,"87":1,"88":1,"89":1,"90":1,"91":1,"92":1,"93":1,"94":1,"95":1,"96":1,"97":0,"98":0,"99":0,"100":1,"101":1,"102":1,"103":0,"104":0,"105":1,"106":1,"107":1,"108":1,"109":1,"110":1,"111":2,"112":2,"113":1,"114":0,"115":0,"116":1,"117":1,"118":1,"119":0,"120":0,"121":0,"122":0,"123":1,"124":1,"125":1,"126":1,"127":0,"128":0,"129":1,"130":1,"131":1,"132":1},"branchMap":{"0":{"type":"branch","line":25,"loc":{"start":{"line":25,"column":37},"end":{"line":41,"column":2}},"locations":[{"start":{"line":25,"column":37},"end":{"line":41,"column":2}}]},"1":{"type":"branch","line":28,"loc":{"start":{"line":28,"column":29},"end":{"line":30,"column":5}},"locations":[{"start":{"line":28,"column":29},"end":{"line":30,"column":5}}]},"2":{"type":"branch","line":32,"loc":{"start":{"line":32,"column":27},"end":{"line":38,"column":5}},"locations":[{"start":{"line":32,"column":27},"end":{"line":38,"column":5}}]},"3":{"type":"branch","line":33,"loc":{"start":{"line":33,"column":23},"end":{"line":35,"column":15}},"locations":[{"start":{"line":33,"column":23},"end":{"line":35,"column":15}}]},"4":{"type":"branch","line":33,"loc":{"start":{"line":33,"column":8},"end":{"line":37,"column":9}},"locations":[{"start":{"line":33,"column":8},"end":{"line":37,"column":9}}]},"5":{"type":"branch","line":49,"loc":{"start":{"line":49,"column":38},"end":{"line":78,"column":2}},"locations":[{"start":{"line":49,"column":38},"end":{"line":78,"column":2}}]},"6":{"type":"branch","line":52,"loc":{"start":{"line":52,"column":8},"end":{"line":52,"column":68}},"locations":[{"start":{"line":52,"column":8},"end":{"line":52,"column":68}}]},"7":{"type":"branch","line":52,"loc":{"start":{"line":52,"column":68},"end":{"line":54,"column":5}},"locations":[{"start":{"line":52,"column":68},"end":{"line":54,"column":5}}]},"8":{"type":"branch","line":55,"loc":{"start":{"line":55,"column":-2},"end":{"line":56,"column":9}},"locations":[{"start":{"line":55,"column":-2},"end":{"line":56,"column":9}}]},"9":{"type":"branch","line":57,"loc":{"start":{"line":57,"column":43},"end":{"line":59,"column":15}},"locations":[{"start":{"line":57,"column":43},"end":{"line":59,"column":15}}]},"10":{"type":"branch","line":57,"loc":{"start":{"line":57,"column":8},"end":{"line":73,"column":9}},"locations":[{"start":{"line":57,"column":8},"end":{"line":73,"column":9}}]},"11":{"type":"branch","line":59,"loc":{"start":{"line":59,"column":49},"end":{"line":65,"column":15}},"locations":[{"start":{"line":59,"column":49},"end":{"line":65,"column":15}}]},"12":{"type":"branch","line":60,"loc":{"start":{"line":60,"column":38},"end":{"line":64,"column":13}},"locations":[{"start":{"line":60,"column":38},"end":{"line":64,"column":13}}]},"13":{"type":"branch","line":59,"loc":{"start":{"line":59,"column":15},"end":{"line":73,"column":9}},"locations":[{"start":{"line":59,"column":15},"end":{"line":73,"column":9}}]},"14":{"type":"branch","line":65,"loc":{"start":{"line":65,"column":36},"end":{"line":71,"column":15}},"locations":[{"start":{"line":65,"column":36},"end":{"line":71,"column":15}}]},"15":{"type":"branch","line":68,"loc":{"start":{"line":68,"column":48},"end":{"line":70,"column":13}},"locations":[{"start":{"line":68,"column":48},"end":{"line":70,"column":13}}]},"16":{"type":"branch","line":65,"loc":{"start":{"line":65,"column":15},"end":{"line":73,"column":9}},"locations":[{"start":{"line":65,"column":15},"end":{"line":73,"column":9}}]},"17":{"type":"branch","line":75,"loc":{"start":{"line":75,"column":-2},"end":{"line":77,"column":14}},"locations":[{"start":{"line":75,"column":-2},"end":{"line":77,"column":14}}]},"18":{"type":"branch","line":77,"loc":{"start":{"line":77,"column":11},"end":{"line":77,"column":30}},"locations":[{"start":{"line":77,"column":11},"end":{"line":77,"column":30}}]},"19":{"type":"branch","line":77,"loc":{"start":{"line":77,"column":11},"end":{"line":77,"column":34}},"locations":[{"start":{"line":77,"column":11},"end":{"line":77,"column":34}}]},"20":{"type":"branch","line":87,"loc":{"start":{"line":87,"column":36},"end":{"line":133,"column":2}},"locations":[{"start":{"line":87,"column":36},"end":{"line":133,"column":2}}]},"21":{"type":"branch","line":97,"loc":{"start":{"line":97,"column":27},"end":{"line":100,"column":5}},"locations":[{"start":{"line":97,"column":27},"end":{"line":100,"column":5}}]},"22":{"type":"branch","line":103,"loc":{"start":{"line":103,"column":17},"end":{"line":105,"column":5}},"locations":[{"start":{"line":103,"column":17},"end":{"line":105,"column":5}}]},"23":{"type":"branch","line":108,"loc":{"start":{"line":108,"column":23},"end":{"line":132,"column":7}},"locations":[{"start":{"line":108,"column":23},"end":{"line":132,"column":7}}]},"24":{"type":"branch","line":127,"loc":{"start":{"line":127,"column":27},"end":{"line":129,"column":9}},"locations":[{"start":{"line":127,"column":27},"end":{"line":129,"column":9}}]},"25":{"type":"branch","line":109,"loc":{"start":{"line":109,"column":50},"end":{"line":125,"column":11}},"locations":[{"start":{"line":109,"column":50},"end":{"line":125,"column":11}}]},"26":{"type":"branch","line":111,"loc":{"start":{"line":111,"column":27},"end":{"line":113,"column":15}},"locations":[{"start":{"line":111,"column":27},"end":{"line":113,"column":15}}]},"27":{"type":"branch","line":117,"loc":{"start":{"line":117,"column":26},"end":{"line":124,"column":15}},"locations":[{"start":{"line":117,"column":26},"end":{"line":124,"column":15}}]},"28":{"type":"branch","line":119,"loc":{"start":{"line":119,"column":16},"end":{"line":123,"column":17}},"locations":[{"start":{"line":119,"column":16},"end":{"line":123,"column":17}}]}},"b":{"0":[2],"1":[0],"2":[3],"3":[1],"4":[2],"5":[9],"6":[8],"7":[2],"8":[7],"9":[2],"10":[7],"11":[2],"12":[1],"13":[5],"14":[2],"15":[3],"16":[3],"17":[7],"18":[3],"19":[4],"20":[1],"21":[0],"22":[0],"23":[1],"24":[0],"25":[1],"26":[2],"27":[1],"28":[0]},"fnMap":{"0":{"name":"transformArrayForQueryString","decl":{"start":{"line":25,"column":37},"end":{"line":41,"column":2}},"loc":{"start":{"line":25,"column":37},"end":{"line":41,"column":2}},"line":25},"1":{"name":"Object.<anonymous>.exports.buildQueryStringFromOptions","decl":{"start":{"line":49,"column":38},"end":{"line":78,"column":2}},"loc":{"start":{"line":49,"column":38},"end":{"line":78,"column":2}},"line":49},"2":{"name":"Object.<anonymous>.exports.createHttpsRequestPromise","decl":{"start":{"line":87,"column":36},"end":{"line":133,"column":2}},"loc":{"start":{"line":87,"column":36},"end":{"line":133,"column":2}},"line":87}},"f":{"0":2,"1":9,"2":1}}
}
