TN:
SF:lib\util.js
FN:25,(anonymous_0)
FN:49,(anonymous_1)
FN:87,(anonymous_2)
FN:108,(anonymous_3)
FN:109,(anonymous_4)
FN:111,(anonymous_5)
FN:114,(anonymous_6)
FN:117,(anonymous_7)
FNF:8
FNH:8
FNDA:2,(anonymous_0)
FNDA:9,(anonymous_1)
FNDA:2,(anonymous_2)
FNDA:2,(anonymous_3)
FNDA:2,(anonymous_4)
FNDA:3,(anonymous_5)
FNDA:1,(anonymous_6)
FNDA:2,(anonymous_7)
DA:5,1
DA:11,1
DA:25,1
DA:26,2
DA:28,2
DA:29,0
DA:32,2
DA:33,3
DA:34,1
DA:36,2
DA:40,2
DA:49,1
DA:50,9
DA:52,9
DA:53,2
DA:56,7
DA:57,9
DA:58,2
DA:59,7
DA:60,2
DA:62,1
DA:63,1
DA:65,5
DA:66,2
DA:68,2
DA:69,3
DA:72,3
DA:76,7
DA:77,7
DA:87,1
DA:88,2
DA:95,2
DA:97,2
DA:98,2
DA:99,2
DA:103,2
DA:104,2
DA:108,2
DA:109,2
DA:110,2
DA:111,2
DA:112,3
DA:114,2
DA:115,1
DA:117,2
DA:118,2
DA:119,2
DA:120,1
DA:122,1
DA:127,2
DA:128,2
DA:131,2
LF:52
LH:51
BRDA:28,0,0,0
BRDA:28,0,1,2
BRDA:33,1,0,1
BRDA:33,1,1,2
BRDA:52,2,0,2
BRDA:52,2,1,7
BRDA:52,3,0,9
BRDA:52,3,1,8
BRDA:57,4,0,2
BRDA:57,4,1,7
BRDA:59,5,0,2
BRDA:59,5,1,5
BRDA:60,6,0,1
BRDA:60,6,1,1
BRDA:65,7,0,2
BRDA:65,7,1,3
BRDA:77,8,0,3
BRDA:77,8,1,4
BRDA:97,9,0,2
BRDA:97,9,1,0
BRDA:103,10,0,2
BRDA:103,10,1,0
BRDA:119,11,0,1
BRDA:119,11,1,1
BRDA:127,12,0,2
BRDA:127,12,1,0
BRF:26
BRH:22
end_of_record
