TN:
SF:lib\util.js
FN:25,transformArrayForQueryString
FN:49,Object.<anonymous>.exports.buildQueryStringFromOptions
FN:87,Object.<anonymous>.exports.createHttpsRequestPromise
FNF:3
FNH:3
FNDA:2,transformArrayForQueryString
FNDA:9,Object.<anonymous>.exports.buildQueryStringFromOptions
FNDA:1,Object.<anonymous>.exports.createHttpsRequestPromise
DA:1,1
DA:2,1
DA:3,1
DA:4,1
DA:5,1
DA:6,1
DA:7,1
DA:8,1
DA:9,1
DA:10,1
DA:11,1
DA:12,1
DA:13,1
DA:14,1
DA:15,1
DA:16,1
DA:17,1
DA:18,1
DA:19,1
DA:20,1
DA:21,1
DA:22,1
DA:23,1
DA:24,1
DA:25,1
DA:26,2
DA:27,2
DA:28,2
DA:29,0
DA:30,0
DA:31,2
DA:32,2
DA:33,3
DA:34,2
DA:35,2
DA:36,2
DA:37,2
DA:38,3
DA:39,2
DA:40,2
DA:41,2
DA:42,1
DA:43,1
DA:44,1
DA:45,1
DA:46,1
DA:47,1
DA:48,1
DA:49,1
DA:50,9
DA:51,9
DA:52,9
DA:53,2
DA:54,2
DA:55,7
DA:56,9
DA:57,9
DA:58,7
DA:59,7
DA:60,5
DA:61,5
DA:62,5
DA:63,5
DA:64,5
DA:65,5
DA:66,3
DA:67,3
DA:68,3
DA:69,3
DA:70,3
DA:71,3
DA:72,3
DA:73,3
DA:74,9
DA:75,7
DA:76,7
DA:77,9
DA:78,9
DA:79,1
DA:80,1
DA:81,1
DA:82,1
DA:83,1
DA:84,1
DA:85,1
DA:86,1
DA:87,1
DA:88,1
DA:89,1
DA:90,1
DA:91,1
DA:92,1
DA:93,1
DA:94,1
DA:95,1
DA:96,1
DA:97,1
DA:98,0
DA:99,0
DA:100,0
DA:101,1
DA:102,1
DA:103,1
DA:104,0
DA:105,0
DA:106,1
DA:107,1
DA:108,1
DA:109,1
DA:110,1
DA:111,1
DA:112,2
DA:113,2
DA:114,1
DA:115,0
DA:116,0
DA:117,1
DA:118,1
DA:119,1
DA:120,0
DA:121,0
DA:122,0
DA:123,0
DA:124,1
DA:125,1
DA:126,1
DA:127,1
DA:128,0
DA:129,0
DA:130,1
DA:131,1
DA:132,1
DA:133,1
LF:133
LH:118
BRDA:25,0,0,2
BRDA:28,1,0,0
BRDA:32,2,0,3
BRDA:33,3,0,1
BRDA:33,4,0,2
BRDA:49,5,0,9
BRDA:52,6,0,8
BRDA:52,7,0,2
BRDA:55,8,0,7
BRDA:57,9,0,2
BRDA:57,10,0,7
BRDA:59,11,0,2
BRDA:60,12,0,1
BRDA:59,13,0,5
BRDA:65,14,0,2
BRDA:68,15,0,3
BRDA:65,16,0,3
BRDA:75,17,0,7
BRDA:77,18,0,3
BRDA:77,19,0,4
BRDA:87,20,0,1
BRDA:97,21,0,0
BRDA:103,22,0,0
BRDA:108,23,0,1
BRDA:127,24,0,0
BRDA:109,25,0,1
BRDA:111,26,0,2
BRDA:117,27,0,1
BRDA:119,28,0,0
BRF:29
BRH:24
end_of_record
